<?xml version="1.0" encoding="UTF-8"?>
<!-- Generated by org.testng.reporters.JUnitXMLReporter -->
<testsuite ignored="2" hostname="md2spchc" failures="0" tests="3" name="Test" time="140.046" errors="0" timestamp="2023-07-21T15:56:15 IST">
  <testcase classname="TestCases.TC1_CreateCustomer" name="CreateCustomers" time="38.039"/>
  <testcase classname="TestCases.TC2_EditCustomer" name="EditCustomers" time="52.695"/>
  <testcase classname="TestCases.TC3_DeleteCustomer" name="DeleteCstomer" time="23.421"/>
  <testcase classname="Base.BaseClass" name="@BeforeSuite StoreLogsToTextFile" time="0.0">
    <ignored/>
  </testcase> <!-- @BeforeSuite StoreLogsToTextFile -->
  <testcase classname="Base.BaseClass" name="@BeforeSuite StoreLogsToTextFile" time="0.0">
    <ignored/>
  </testcase> <!-- @BeforeSuite StoreLogsToTextFile -->
</testsuite> <!-- Test -->
