<?xml version="1.0" encoding="UTF-8"?>
<testng-results ignored="0" total="1" passed="1" failed="0" skipped="0">
  <reporter-output>
  </reporter-output>
  <suite started-at="2023-07-28T12:21:25 IST" name="Default suite" finished-at="2023-07-28T12:21:27 IST" duration-ms="2389">
    <groups>
    </groups>
    <test started-at="2023-07-28T12:21:25 IST" name="Default test" finished-at="2023-07-28T12:21:27 IST" duration-ms="2389">
      <class name="APITesting.PosstCall">
        <test-method signature="CreateBooking()[pri:0, instance:APITesting.PosstCall@25fb8912]" started-at="2023-07-28T12:21:25 IST" name="CreateBooking" finished-at="2023-07-28T12:21:27 IST" duration-ms="2364" status="PASS">
          <reporter-output>
          </reporter-output>
        </test-method> <!-- CreateBooking -->
      </class> <!-- APITesting.PosstCall -->
    </test> <!-- Default test -->
  </suite> <!-- Default suite -->
</testng-results>
